#
# There is insufficient memory for the Java Runtime Environment to continue.
# Native memory allocation (mmap) failed to map 1048576 bytes for Failed to commit area from 0x0000000082d00000 to 0x0000000082e00000 of length 1048576.
# Possible reasons:
#   The system is out of physical RAM or swap space
#   The process is running with CompressedOops enabled, and the Java Heap may be blocking the growth of the native heap
# Possible solutions:
#   Reduce memory load on the system
#   Increase physical memory or swap space
#   Check if swap backing store is full
#   Decrease Java heap size (-Xmx/-Xms)
#   Decrease number of Java threads
#   Decrease Java thread stack sizes (-Xss)
#   Set larger code cache with -XX:ReservedCodeCacheSize=
#   JVM is running with Unscaled Compressed Oops mode in which the Java heap is
#     placed in the first 4GB address space. The Java Heap base address is the
#     maximum limit for the native heap growth. Please use -XX:HeapBaseMinAddress
#     to set the Java Heap base and to place the Java Heap above 4GB virtual address.
# This output file may be truncated or incomplete.
#
#  Out of Memory Error (t:/workspace/open/src/hotspot/os/windows/os_windows.cpp:3264), pid=12184, tid=5656
#
# JRE version: Java(TM) SE Runtime Environment (12.0.2+10) (build 12.0.2+10)
# Java VM: Java HotSpot(TM) 64-Bit Server VM (12.0.2+10, mixed mode, sharing, tiered, compressed oops, g1 gc, windows-amd64)
# No core dump will be written. Minidumps are not enabled by default on client versions of Windows
#

---------------  S U M M A R Y ------------

Command Line: -Dfile.encoding=Cp1252 skeleton.SkeletonDemoGame

Host: Intel(R) Core(TM) i5-7300U CPU @ 2.60GHz, 4 cores, 7G,  Windows 10 , 64 bit Build 18362 (10.0.18362.329)
Time: Mon Nov 11 14:59:56 2019 Eastern Standard Time elapsed time: 518 seconds (0d 0h 8m 38s)

---------------  T H R E A D  ---------------

Current thread (0x000001c488433800):  JavaThread "main" [_thread_in_vm, id=5656, stack(0x00000001d6600000,0x00000001d6700000)]

Stack: [0x00000001d6600000,0x00000001d6700000]
Native frames: (J=compiled Java code, j=interpreted, Vv=VM code, C=native code)
V  [jvm.dll+0x63aa2a]
V  [jvm.dll+0x78ce1e]
V  [jvm.dll+0x78e4c1]
V  [jvm.dll+0x78eb13]
V  [jvm.dll+0x2627e8]
V  [jvm.dll+0x637f5a]
V  [jvm.dll+0x62c845]
V  [jvm.dll+0x31e49c]
V  [jvm.dll+0x31e2cf]
V  [jvm.dll+0x324006]
V  [jvm.dll+0x371f56]
V  [jvm.dll+0x371720]
V  [jvm.dll+0x2f8c5c]
V  [jvm.dll+0x2f451f]
V  [jvm.dll+0x5d0ce2]
V  [jvm.dll+0x5d077b]
V  [jvm.dll+0x20a03d]
V  [jvm.dll+0x765b97]
V  [jvm.dll+0x6a16bf]
C  0x000001c4920f98a9

Java frames: (J=compiled Java code, j=interpreted, Vv=VM code)
v  ~RuntimeStub::_new_array_Java
J 993 c2 edu.utc.game.Sound.<init>(Ljava/lang/String;)V (209 bytes) @ 0x000001c499b16bd8 [0x000001c499b16640+0x0000000000000598]
J 1492 c2 skeleton.SkeletonDemoGame.drawFrame(I)Ledu/utc/game/Scene; (285 bytes) @ 0x000001c499b8b65c [0x000001c499b8b5a0+0x00000000000000bc]
j  edu.utc.game.Game.gameLoop()V+39
j  skeleton.SkeletonDemoGame.main([Ljava/lang/String;)V+87
v  ~StubRoutines::call_stub

---------------  P R O C E S S  ---------------

Threads class SMR info:
_java_thread_list=0x000001c4a9261dd0, length=10, elements={
0x000001c488433800, 0x000001c4a87ee000, 0x000001c4a87ef800, 0x000001c4a880b000,
0x000001c4a880d800, 0x000001c4a8812000, 0x000001c4a8818000, 0x000001c4a8821800,
0x000001c4a9282800, 0x000001c4a9285800
}

Java Threads: ( => current thread )
=>0x000001c488433800 JavaThread "main" [_thread_in_vm, id=5656, stack(0x00000001d6600000,0x00000001d6700000)]
  0x000001c4a87ee000 JavaThread "Reference Handler" daemon [_thread_blocked, id=4788, stack(0x00000001d6d00000,0x00000001d6e00000)]
  0x000001c4a87ef800 JavaThread "Finalizer" daemon [_thread_blocked, id=10904, stack(0x00000001d6e00000,0x00000001d6f00000)]
  0x000001c4a880b000 JavaThread "Signal Dispatcher" daemon [_thread_blocked, id=12640, stack(0x00000001d6f00000,0x00000001d7000000)]
  0x000001c4a880d800 JavaThread "Attach Listener" daemon [_thread_blocked, id=7208, stack(0x00000001d7000000,0x00000001d7100000)]
  0x000001c4a8812000 JavaThread "C2 CompilerThread0" daemon [_thread_blocked, id=12016, stack(0x00000001d7100000,0x00000001d7200000)]
  0x000001c4a8818000 JavaThread "C1 CompilerThread0" daemon [_thread_blocked, id=7300, stack(0x00000001d7200000,0x00000001d7300000)]
  0x000001c4a8821800 JavaThread "Sweeper thread" daemon [_thread_blocked, id=2552, stack(0x00000001d7300000,0x00000001d7400000)]
  0x000001c4a9282800 JavaThread "Service Thread" daemon [_thread_blocked, id=800, stack(0x00000001d7400000,0x00000001d7500000)]
  0x000001c4a9285800 JavaThread "Common-Cleaner" daemon [_thread_blocked, id=14168, stack(0x00000001d7600000,0x00000001d7700000)]

Other Threads:
  0x000001c4a87ea000 VMThread "VM Thread" [stack: 0x00000001d6c00000,0x00000001d6d00000] [id=16112]
  0x000001c4a928a800 WatcherThread [stack: 0x00000001d7500000,0x00000001d7600000] [id=748]
  0x000001c488471800 GCTaskThread "GC Thread#0" [stack: 0x00000001d6700000,0x00000001d6800000] [id=13388]
  0x000001c4aaf84800 GCTaskThread "GC Thread#1" [stack: 0x00000001d7c00000,0x00000001d7d00000] [id=5144]
  0x000001c4aaf37800 GCTaskThread "GC Thread#2" [stack: 0x00000001d7d00000,0x00000001d7e00000] [id=15404]
  0x000001c48847f000 ConcurrentGCThread "G1 Main Marker" [stack: 0x00000001d6800000,0x00000001d6900000] [id=13600]
  0x000001c488483000 ConcurrentGCThread "G1 Conc#0" [stack: 0x00000001d6900000,0x00000001d6a00000] [id=16380]
  0x000001c4884fe000 ConcurrentGCThread "G1 Refine#0" [stack: 0x00000001d6a00000,0x00000001d6b00000] [id=10800]
  0x000001c4a8669800 ConcurrentGCThread "G1 Young RemSet Sampling" [stack: 0x00000001d6b00000,0x00000001d6c00000] [id=7704]

Threads with active compile tasks:

VM state:not at safepoint (normal execution)

VM Mutex/Monitor currently owned by a thread:  ([mutex/lock_event])
[0x000001c48842fc70] Heap_lock - owner thread: 0x000001c488433800

Heap address: 0x0000000081200000, size: 2030 MB, Compressed Oops mode: 32-bit
Narrow klass base: 0x0000000800000000, Narrow klass shift: 3
Compressed class space size: 1073741824 Address: 0x0000000801190000

Heap:
 garbage-first heap   total 31744K, used 26245K [0x0000000081200000, 0x0000000100000000)
  region size 1024K, 3 young (3072K), 1 survivors (1024K)
 Metaspace       used 6247K, capacity 8605K, committed 8832K, reserved 1056768K
  class space    used 325K, capacity 634K, committed 640K, reserved 1048576K
Heap Regions: E=young(eden), S=young(survivor), O=old, HS=humongous(starts), HC=humongous(continues), CS=collection set, F=free, A=archive, TAMS=top-at-mark-start (previous, next)
|   0|0x0000000081200000, 0x0000000081300000, 0x0000000081300000|100%| O|  |TAMS 0x0000000081300000, 0x0000000081200000| Untracked 
|   1|0x0000000081300000, 0x0000000081400000, 0x0000000081400000|100%| O|  |TAMS 0x0000000081400000, 0x0000000081300000| Untracked 
|   2|0x0000000081400000, 0x0000000081500000, 0x0000000081500000|100%| O|  |TAMS 0x0000000081500000, 0x0000000081400000| Untracked 
|   3|0x0000000081500000, 0x0000000081600000, 0x0000000081600000|100%|HS|  |TAMS 0x0000000081500000, 0x0000000081500000| Complete 
|   4|0x0000000081600000, 0x0000000081700000, 0x0000000081700000|100%|HS|  |TAMS 0x0000000081600000, 0x0000000081600000| Complete 
|   5|0x0000000081700000, 0x0000000081800000, 0x0000000081800000|100%|HS|  |TAMS 0x0000000081700000, 0x0000000081700000| Complete 
|   6|0x0000000081800000, 0x0000000081900000, 0x0000000081900000|100%|HS|  |TAMS 0x0000000081800000, 0x0000000081800000| Complete 
|   7|0x0000000081900000, 0x0000000081a00000, 0x0000000081a00000|100%|HS|  |TAMS 0x0000000081900000, 0x0000000081900000| Complete 
|   8|0x0000000081a00000, 0x0000000081b00000, 0x0000000081b00000|100%|HS|  |TAMS 0x0000000081a00000, 0x0000000081a00000| Complete 
|   9|0x0000000081b00000, 0x0000000081c00000, 0x0000000081c00000|100%|HS|  |TAMS 0x0000000081b00000, 0x0000000081b00000| Complete 
|  10|0x0000000081c00000, 0x0000000081d00000, 0x0000000081d00000|100%|HS|  |TAMS 0x0000000081c00000, 0x0000000081c00000| Complete 
|  11|0x0000000081d00000, 0x0000000081d29800, 0x0000000081e00000| 16%| O|  |TAMS 0x0000000081d29800, 0x0000000081d00000| Complete 
|  12|0x0000000081e00000, 0x0000000081f00000, 0x0000000081f00000|100%|HS|  |TAMS 0x0000000081e00000, 0x0000000081e00000| Complete 
|  13|0x0000000081f00000, 0x0000000082000000, 0x0000000082000000|100%|HS|  |TAMS 0x0000000081f00000, 0x0000000081f00000| Complete 
|  14|0x0000000082000000, 0x0000000082100000, 0x0000000082100000|100%|HS|  |TAMS 0x0000000082000000, 0x0000000082000000| Complete 
|  15|0x0000000082100000, 0x0000000082200000, 0x0000000082200000|100%|HS|  |TAMS 0x0000000082100000, 0x0000000082100000| Complete 
|  16|0x0000000082200000, 0x0000000082300000, 0x0000000082300000|100%|HS|  |TAMS 0x0000000082200000, 0x0000000082200000| Complete 
|  17|0x0000000082300000, 0x0000000082400000, 0x0000000082400000|100%|HS|  |TAMS 0x0000000082300000, 0x0000000082300000| Complete 
|  18|0x0000000082400000, 0x0000000082500000, 0x0000000082500000|100%|HS|  |TAMS 0x0000000082400000, 0x0000000082400000| Complete 
|  19|0x0000000082500000, 0x0000000082529200, 0x0000000082600000| 16%| O|  |TAMS 0x0000000082529200, 0x0000000082500000| Complete 
|  20|0x0000000082600000, 0x0000000082700000, 0x0000000082700000|100%|HS|  |TAMS 0x0000000082600000, 0x0000000082600000| Complete 
|  21|0x0000000082700000, 0x0000000082800000, 0x0000000082800000|100%|HS|  |TAMS 0x0000000082700000, 0x0000000082700000| Complete 
|  22|0x0000000082800000, 0x0000000082900000, 0x0000000082900000|100%|HS|  |TAMS 0x0000000082800000, 0x0000000082800000| Complete 
|  23|0x0000000082900000, 0x0000000082a00000, 0x0000000082a00000|100%|HS|  |TAMS 0x0000000082900000, 0x0000000082900000| Complete 
|  24|0x0000000082a00000, 0x0000000082b00000, 0x0000000082b00000|100%|HS|  |TAMS 0x0000000082a00000, 0x0000000082a00000| Complete 
|  25|0x0000000082b00000, 0x0000000082c00000, 0x0000000082c00000|100%|HS|  |TAMS 0x0000000082b00000, 0x0000000082b00000| Complete 
|  26|0x0000000082c00000, 0x0000000082c76478, 0x0000000082d00000| 46%| E|  |TAMS 0x0000000082c00000, 0x0000000082c00000| Complete 
|  37|0x0000000083700000, 0x000000008374ba00, 0x0000000083800000| 29%| O|  |TAMS 0x000000008374ba00, 0x0000000083700000| Complete 
|  39|0x0000000083900000, 0x0000000083903030, 0x0000000083a00000|  1%| S|CS|TAMS 0x0000000083900000, 0x0000000083900000| Complete 
|  40|0x0000000083a00000, 0x0000000083b00000, 0x0000000083b00000|100%| E|CS|TAMS 0x0000000083a00000, 0x0000000083a00000| Complete 

Card table byte_map: [0x000001c4a1a40000,0x000001c4a1e40000] _byte_map_base: 0x000001c4a1637000

Marking Bits (Prev, Next): (CMBitMap*) 0x000001c4884727d8, (CMBitMap*) 0x000001c488472798
 Prev Bits: [0x000001c4a4200000, 0x000001c4a61b8000)
 Next Bits: [0x000001c4a2240000, 0x000001c4a41f8000)

Polling page: 0x000001c489cb0000

Metaspace:

Usage:
  Non-class:      7.78 MB capacity,     5.78 MB ( 74%) used,     1.99 MB ( 26%) free+waste,    12.88 KB ( <1%) overhead. 
      Class:    634.00 KB capacity,   325.66 KB ( 51%) used,   302.59 KB ( 48%) free+waste,     5.75 KB ( <1%) overhead. 
       Both:      8.40 MB capacity,     6.10 MB ( 73%) used,     2.28 MB ( 27%) free+waste,    18.63 KB ( <1%) overhead. 

Virtual space:
  Non-class space:        8.00 MB reserved,       8.00 MB (100%) committed 
      Class space:        1.00 GB reserved,     640.00 KB ( <1%) committed 
             Both:        1.01 GB reserved,       8.63 MB ( <1%) committed 

Chunk freelists:
   Non-Class:  3.63 KB
       Class:  768 bytes
        Both:  4.38 KB

CodeHeap 'non-profiled nmethods': size=120064Kb used=933Kb max_used=933Kb free=119130Kb
 bounds [0x000001c499ac0000, 0x000001c499d30000, 0x000001c4a1000000]
CodeHeap 'profiled nmethods': size=120000Kb used=1931Kb max_used=2651Kb free=118068Kb
 bounds [0x000001c492590000, 0x000001c492830000, 0x000001c499ac0000]
CodeHeap 'non-nmethods': size=5696Kb used=1467Kb max_used=1494Kb free=4228Kb
 bounds [0x000001c492000000, 0x000001c492270000, 0x000001c492590000]
 total_blobs=3068 nmethods=1238 adapters=873
 compilation: enabled
              stopped_count=0, restarted_count=0
 full_count=0

Compilation events (10 events):
Event: 177.659 Thread 0x000001c4a8818000 1528       3       java.util.regex.Pattern::RemoveQEQuoting (346 bytes)
Event: 177.662 Thread 0x000001c4a8818000 nmethod 1528 0x000001c4925f9990 code [0x000001c4925f9c40, 0x000001c4925fae60]
Event: 275.624 Thread 0x000001c4a8812000 1529       4       java.util.regex.Matcher::find (69 bytes)
Event: 275.653 Thread 0x000001c4a8812000 nmethod 1529 0x000001c499ba6210 code [0x000001c499ba6400, 0x000001c499ba68b8]
Event: 319.089 Thread 0x000001c4a8812000 1530       4       java.util.regex.Matcher::reset (128 bytes)
Event: 319.096 Thread 0x000001c4a8812000 nmethod 1530 0x000001c499ba6c10 code [0x000001c499ba6de0, 0x000001c499ba7058]
Event: 339.015 Thread 0x000001c4a8812000 1531   !   4       java.lang.ref.Reference::processPendingReferences (132 bytes)
Event: 339.070 Thread 0x000001c4a8812000 nmethod 1531 0x000001c499ba7210 code [0x000001c499ba74a0, 0x000001c499ba8d10]
Event: 501.580 Thread 0x000001c4a8812000 1532       4       java.util.regex.Pattern$Node::study (21 bytes)
Event: 501.584 Thread 0x000001c4a8812000 nmethod 1532 0x000001c499ba9290 code [0x000001c499ba9440, 0x000001c499ba9548]

GC Heap History (10 events):
Event: 516.925 GC heap before
{Heap before GC invocations=2465 (full 0):
 garbage-first heap   total 41984K, used 20097K [0x0000000081200000, 0x0000000100000000)
  region size 1024K, 2 young (2048K), 1 survivors (1024K)
 Metaspace       used 6247K, capacity 8605K, committed 8832K, reserved 1056768K
  class space    used 325K, capacity 634K, committed 640K, reserved 1048576K
}
Event: 516.926 GC heap after
{Heap after GC invocations=2466 (full 0):
 garbage-first heap   total 41984K, used 3710K [0x0000000081200000, 0x0000000100000000)
  region size 1024K, 1 young (1024K), 1 survivors (1024K)
 Metaspace       used 6247K, capacity 8605K, committed 8832K, reserved 1056768K
  class space    used 325K, capacity 634K, committed 640K, reserved 1048576K
}
Event: 516.927 GC heap before
{Heap before GC invocations=2466 (full 0):
 garbage-first heap   total 41984K, used 3710K [0x0000000081200000, 0x0000000100000000)
  region size 1024K, 2 young (2048K), 1 survivors (1024K)
 Metaspace       used 6247K, capacity 8605K, committed 8832K, reserved 1056768K
  class space    used 325K, capacity 634K, committed 640K, reserved 1048576K
}
Event: 516.928 GC heap after
{Heap after GC invocations=2467 (full 0):
 garbage-first heap   total 41984K, used 3718K [0x0000000081200000, 0x0000000100000000)
  region size 1024K, 1 young (1024K), 1 survivors (1024K)
 Metaspace       used 6247K, capacity 8605K, committed 8832K, reserved 1056768K
  class space    used 325K, capacity 634K, committed 640K, reserved 1048576K
}
Event: 517.477 GC heap before
{Heap before GC invocations=2468 (full 0):
 garbage-first heap   total 40960K, used 37510K [0x0000000081200000, 0x0000000100000000)
  region size 1024K, 3 young (3072K), 1 survivors (1024K)
 Metaspace       used 6247K, capacity 8605K, committed 8832K, reserved 1056768K
  class space    used 325K, capacity 634K, committed 640K, reserved 1048576K
}
Event: 517.478 GC heap after
{Heap after GC invocations=2469 (full 0):
 garbage-first heap   total 41984K, used 3712K [0x0000000081200000, 0x0000000100000000)
  region size 1024K, 1 young (1024K), 1 survivors (1024K)
 Metaspace       used 6247K, capacity 8605K, committed 8832K, reserved 1056768K
  class space    used 325K, capacity 634K, committed 640K, reserved 1048576K
}
Event: 517.742 GC heap before
{Heap before GC invocations=2469 (full 0):
 garbage-first heap   total 41984K, used 20096K [0x0000000081200000, 0x0000000100000000)
  region size 1024K, 2 young (2048K), 1 survivors (1024K)
 Metaspace       used 6247K, capacity 8605K, committed 8832K, reserved 1056768K
  class space    used 325K, capacity 634K, committed 640K, reserved 1048576K
}
Event: 517.743 GC heap after
{Heap after GC invocations=2470 (full 0):
 garbage-first heap   total 41984K, used 3711K [0x0000000081200000, 0x0000000100000000)
  region size 1024K, 1 young (1024K), 1 survivors (1024K)
 Metaspace       used 6247K, capacity 8605K, committed 8832K, reserved 1056768K
  class space    used 325K, capacity 634K, committed 640K, reserved 1048576K
}
Event: 517.745 GC heap before
{Heap before GC invocations=2470 (full 0):
 garbage-first heap   total 41984K, used 3711K [0x0000000081200000, 0x0000000100000000)
  region size 1024K, 2 young (2048K), 1 survivors (1024K)
 Metaspace       used 6247K, capacity 8605K, committed 8832K, reserved 1056768K
  class space    used 325K, capacity 634K, committed 640K, reserved 1048576K
}
Event: 517.745 GC heap after
{Heap after GC invocations=2471 (full 0):
 garbage-first heap   total 41984K, used 3717K [0x0000000081200000, 0x0000000100000000)
  region size 1024K, 1 young (1024K), 1 survivors (1024K)
 Metaspace       used 6247K, capacity 8605K, committed 8832K, reserved 1056768K
  class space    used 325K, capacity 634K, committed 640K, reserved 1048576K
}

Deoptimization events (10 events):
Event: 0.119 Thread 0x000001c488433800 Uncommon trap: reason=unstable_if action=reinterpret pc=0x000001c499ac1ca0 method=java.lang.String.isLatin1()Z @ 10 c2
Event: 0.166 Thread 0x000001c488433800 Uncommon trap: reason=unstable_if action=reinterpret pc=0x000001c499ac5dbc method=java.lang.String.hashCode()I @ 14 c2
Event: 0.219 Thread 0x000001c488433800 Uncommon trap: reason=unstable_if action=reinterpret pc=0x000001c499ad8510 method=java.io.WinNTFileSystem.isSlash(C)Z @ 9 c2
Event: 0.334 Thread 0x000001c488433800 Uncommon trap: reason=unstable_if action=reinterpret pc=0x000001c499adfbe8 method=java.lang.String.startsWith(Ljava/lang/String;I)Z @ 14 c2
Event: 1.197 Thread 0x000001c488433800 Uncommon trap: reason=bimorphic_or_optimized_type_check action=maybe_recompile pc=0x000001c499af0504 method=java.util.HashMap.putVal(ILjava/lang/Object;Ljava/lang/Object;ZZ)Ljava/lang/Object; @ 56 c2
Event: 1.197 Thread 0x000001c488433800 Uncommon trap: reason=bimorphic_or_optimized_type_check action=maybe_recompile pc=0x000001c499af0504 method=java.util.HashMap.putVal(ILjava/lang/Object;Ljava/lang/Object;ZZ)Ljava/lang/Object; @ 56 c2
Event: 1.197 Thread 0x000001c488433800 Uncommon trap: reason=bimorphic_or_optimized_type_check action=maybe_recompile pc=0x000001c499af0504 method=java.util.HashMap.putVal(ILjava/lang/Object;Ljava/lang/Object;ZZ)Ljava/lang/Object; @ 56 c2
Event: 1.197 Thread 0x000001c488433800 Uncommon trap: reason=bimorphic_or_optimized_type_check action=maybe_recompile pc=0x000001c499af0504 method=java.util.HashMap.putVal(ILjava/lang/Object;Ljava/lang/Object;ZZ)Ljava/lang/Object; @ 56 c2
Event: 3.832 Thread 0x000001c488433800 Uncommon trap: reason=unstable_if action=reinterpret pc=0x000001c499b1446c method=edu.utc.game.Sound.<init>(Ljava/lang/String;)V @ 131 c2
Event: 3.845 Thread 0x000001c488433800 Uncommon trap: reason=unstable_if action=reinterpret pc=0x000001c499b14db0 method=edu.utc.game.Sound.<init>(Ljava/lang/String;)V @ 131 c2

Classes redefined (0 events):
No events

Internal exceptions (8 events):
Event: 0.183 Thread 0x000001c488433800 Exception <a 'java/lang/NoSuchMethodError'{0x0000000088fae968}: java.lang.invoke.DelegatingMethodHandle$Holder.delegate(Ljava/lang/Object;Ljava/lang/Object;ILjava/lang/Object;)V> (0x0000000088fae968) thrown at [t:/workspace/open/src/hotspot/share/interpre
Event: 0.184 Thread 0x000001c488433800 Exception <a 'java/lang/NoSuchMethodError'{0x0000000088fb56d8}: java.lang.invoke.DirectMethodHandle$Holder.invokeStaticInit(Ljava/lang/Object;Ljava/lang/Object;Ljava/lang/Object;)Ljava/lang/Object;> (0x0000000088fb56d8) thrown at [t:/workspace/open/src/ho
Event: 0.656 Thread 0x000001c488433800 Exception <a 'sun/nio/fs/WindowsException'{0x000000008882ad90}> (0x000000008882ad90) thrown at [t:/workspace/open/src/hotspot/share/prims/jni.cpp, line 615]
Event: 0.656 Thread 0x000001c488433800 Exception <a 'sun/nio/fs/WindowsException'{0x000000008882b278}> (0x000000008882b278) thrown at [t:/workspace/open/src/hotspot/share/prims/jni.cpp, line 615]
Event: 1.149 Thread 0x000001c488433800 Exception <a 'java/lang/NoSuchMethodError'{0x0000000088555c50}: java.lang.invoke.DirectMethodHandle$Holder.invokeSpecialIFC(Ljava/lang/Object;Ljava/lang/Object;I)I> (0x0000000088555c50) thrown at [t:/workspace/open/src/hotspot/share/interpreter/linkResolv
Event: 1.167 Thread 0x000001c488433800 Exception <a 'java/lang/ClassNotFoundException'{0x0000000089126e48}: sun/awt/resources/spi/awtProvider> (0x0000000089126e48) thrown at [t:/workspace/open/src/hotspot/share/classfile/systemDictionary.cpp, line 235]
Event: 1.184 Thread 0x000001c488433800 Exception <a 'java/io/FileNotFoundException'{0x0000000089172d58}> (0x0000000089172d58) thrown at [t:/workspace/open/src/hotspot/share/prims/jni.cpp, line 615]
Event: 1.196 Thread 0x000001c488433800 Exception <a 'java/io/FileNotFoundException'{0x0000000089016ff8}> (0x0000000089016ff8) thrown at [t:/workspace/open/src/hotspot/share/prims/jni.cpp, line 615]

Events (10 events):
Event: 517.477 Executing VM operation: G1CollectForAllocation
Event: 517.478 Executing VM operation: G1CollectForAllocation done
Event: 517.742 Executing VM operation: G1CollectForAllocation
Event: 517.743 Executing VM operation: G1CollectForAllocation done
Event: 517.745 Executing VM operation: G1CollectForAllocation
Event: 517.745 Executing VM operation: G1CollectForAllocation done
Event: 517.753 Executing VM operation: G1Concurrent
Event: 517.755 Executing VM operation: G1Concurrent done
Event: 517.757 Executing VM operation: G1Concurrent
Event: 517.758 Executing VM operation: G1Concurrent done


Dynamic libraries:
0x00007ff7bb3a0000 - 0x00007ff7bb3af000 	C:\Program Files\Java\jdk-12.0.2\bin\javaw.exe
0x00007ffa535e0000 - 0x00007ffa537d0000 	C:\WINDOWS\SYSTEM32\ntdll.dll
0x00007ffa52cd0000 - 0x00007ffa52d82000 	C:\WINDOWS\System32\KERNEL32.DLL
0x00007ffa51070000 - 0x00007ffa51313000 	C:\WINDOWS\System32\KERNELBASE.dll
0x00007ffa514a0000 - 0x00007ffa5159a000 	C:\WINDOWS\System32\ucrtbase.dll
0x00007ffa48810000 - 0x00007ffa48828000 	C:\Program Files\Java\jdk-12.0.2\bin\jli.dll
0x00007ffa520b0000 - 0x00007ffa52153000 	C:\WINDOWS\System32\ADVAPI32.dll
0x00007ffa51df0000 - 0x00007ffa51e8e000 	C:\WINDOWS\System32\msvcrt.dll
0x00007ffa51e90000 - 0x00007ffa51f27000 	C:\WINDOWS\System32\sechost.dll
0x00007ffa51f90000 - 0x00007ffa520b0000 	C:\WINDOWS\System32\RPCRT4.dll
0x00007ffa51c50000 - 0x00007ffa51de4000 	C:\WINDOWS\System32\USER32.dll
0x00007ffa50720000 - 0x00007ffa50741000 	C:\WINDOWS\System32\win32u.dll
0x00007ffa53570000 - 0x00007ffa53596000 	C:\WINDOWS\System32\GDI32.dll
0x00007ffa50750000 - 0x00007ffa508e4000 	C:\WINDOWS\System32\gdi32full.dll
0x00007ffa51320000 - 0x00007ffa513be000 	C:\WINDOWS\System32\msvcp_win.dll
0x00007ffa47600000 - 0x00007ffa47616000 	C:\Program Files\Java\jdk-12.0.2\bin\VCRUNTIME140.dll
0x00007ffa2efa0000 - 0x00007ffa2f225000 	C:\WINDOWS\WinSxS\amd64_microsoft.windows.common-controls_6595b64144ccf1df_6.0.18362.418_none_e6c6b287130d565d\COMCTL32.dll
0x00007ffa51880000 - 0x00007ffa51bb6000 	C:\WINDOWS\System32\combase.dll
0x00007ffa515a0000 - 0x00007ffa51620000 	C:\WINDOWS\System32\bcryptPrimitives.dll
0x00007ffa396f0000 - 0x00007ffa396fa000 	C:\WINDOWS\SYSTEM32\VERSION.dll
0x00007ffa51850000 - 0x00007ffa5187e000 	C:\WINDOWS\System32\IMM32.DLL
0x00007ffa3e2c0000 - 0x00007ffa3e36a000 	C:\Program Files\Java\jdk-12.0.2\bin\msvcp140.dll
0x00007ffa068e0000 - 0x00007ffa07457000 	C:\Program Files\Java\jdk-12.0.2\bin\server\jvm.dll
0x00007ffa51c40000 - 0x00007ffa51c48000 	C:\WINDOWS\System32\PSAPI.DLL
0x00007ffa3c1f0000 - 0x00007ffa3c1f9000 	C:\WINDOWS\SYSTEM32\WSOCK32.dll
0x00007ffa4aad0000 - 0x00007ffa4aaf4000 	C:\WINDOWS\SYSTEM32\WINMM.dll
0x00007ffa523e0000 - 0x00007ffa5244f000 	C:\WINDOWS\System32\WS2_32.dll
0x00007ffa4a8c0000 - 0x00007ffa4a8ed000 	C:\WINDOWS\SYSTEM32\winmmbase.dll
0x00007ffa51620000 - 0x00007ffa5166a000 	C:\WINDOWS\System32\cfgmgr32.dll
0x00007ffa50530000 - 0x00007ffa50541000 	C:\WINDOWS\System32\kernel.appcore.dll
0x00007ffa47430000 - 0x00007ffa47441000 	C:\Program Files\Java\jdk-12.0.2\bin\verify.dll
0x00007ffa4ed60000 - 0x00007ffa4ef54000 	C:\WINDOWS\SYSTEM32\DBGHELP.DLL
0x00007ffa40740000 - 0x00007ffa4076a000 	C:\WINDOWS\SYSTEM32\dbgcore.DLL
0x00007ffa3e4c0000 - 0x00007ffa3e4e6000 	C:\Program Files\Java\jdk-12.0.2\bin\java.dll
0x00007ffa44f30000 - 0x00007ffa44f47000 	C:\Program Files\Java\jdk-12.0.2\bin\zip.dll
0x00007ffa48890000 - 0x00007ffa4889a000 	C:\Program Files\Java\jdk-12.0.2\bin\jimage.dll
0x00007ffa52450000 - 0x00007ffa52b35000 	C:\WINDOWS\System32\SHELL32.dll
0x00007ffa534c0000 - 0x00007ffa53569000 	C:\WINDOWS\System32\shcore.dll
0x00007ffa508f0000 - 0x00007ffa5106f000 	C:\WINDOWS\System32\windows.storage.dll
0x00007ffa50550000 - 0x00007ffa5056f000 	C:\WINDOWS\System32\profapi.dll
0x00007ffa504e0000 - 0x00007ffa5052a000 	C:\WINDOWS\System32\powrprof.dll
0x00007ffa504b0000 - 0x00007ffa504c0000 	C:\WINDOWS\System32\UMPDC.dll
0x00007ffa53460000 - 0x00007ffa534b2000 	C:\WINDOWS\System32\shlwapi.dll
0x00007ffa51670000 - 0x00007ffa51687000 	C:\WINDOWS\System32\cryptsp.dll
0x00007ffa3def0000 - 0x00007ffa3df09000 	C:\Program Files\Java\jdk-12.0.2\bin\net.dll
0x00007ffa48cf0000 - 0x00007ffa48de0000 	C:\WINDOWS\SYSTEM32\WINHTTP.dll
0x00007ffa3a6d0000 - 0x00007ffa3a8a6000 	C:\WINDOWS\SYSTEM32\urlmon.dll
0x00007ffa3a9d0000 - 0x00007ffa3ac76000 	C:\WINDOWS\SYSTEM32\iertutil.dll
0x00007ffa4fef0000 - 0x00007ffa4fefc000 	C:\WINDOWS\SYSTEM32\CRYPTBASE.DLL
0x00007ffa4fd20000 - 0x00007ffa4fd87000 	C:\WINDOWS\system32\mswsock.dll
0x00007ffa35d80000 - 0x00007ffa35d93000 	C:\Program Files\Java\jdk-12.0.2\bin\nio.dll
0x00007ffa36910000 - 0x00007ffa36982000 	C:\Users\jonat\AppData\Local\Temp\lwjgljonat\3.2.2-build-10\lwjgl.dll
0x00007ffa3f010000 - 0x00007ffa3f06e000 	C:\Users\jonat\AppData\Local\Temp\lwjgljonat\3.2.2-build-10\glfw.dll
0x00007ffa4b160000 - 0x00007ffa4b1f9000 	C:\WINDOWS\system32\uxtheme.dll
0x00007ffa3e270000 - 0x00007ffa3e2b3000 	C:\WINDOWS\SYSTEM32\dinput8.dll
0x00007ffa44ef0000 - 0x00007ffa44f01000 	C:\WINDOWS\SYSTEM32\xinput1_4.dll
0x00007ffa502b0000 - 0x00007ffa502da000 	C:\WINDOWS\SYSTEM32\DEVOBJ.dll
0x00007ffa4b250000 - 0x00007ffa4b27d000 	C:\WINDOWS\SYSTEM32\dwmapi.dll
0x00007ffa3bdb0000 - 0x00007ffa3beca000 	C:\WINDOWS\SYSTEM32\inputhost.dll
0x00007ffa4abd0000 - 0x00007ffa4aca4000 	C:\WINDOWS\SYSTEM32\CoreMessaging.dll
0x00007ffa46180000 - 0x00007ffa464aa000 	C:\WINDOWS\SYSTEM32\CoreUIComponents.dll
0x00007ffa4ef60000 - 0x00007ffa4f04f000 	C:\WINDOWS\SYSTEM32\PROPSYS.dll
0x00007ffa48620000 - 0x00007ffa48773000 	C:\WINDOWS\SYSTEM32\wintypes.dll
0x00007ffa52160000 - 0x00007ffa52224000 	C:\WINDOWS\System32\OLEAUT32.dll
0x00007ffa4f510000 - 0x00007ffa4f541000 	C:\WINDOWS\SYSTEM32\ntmarta.dll
0x00007ffa52d90000 - 0x00007ffa52ec6000 	C:\WINDOWS\System32\MSCTF.dll
0x00007ffa4f0c0000 - 0x00007ffa4f0ce000 	C:\WINDOWS\SYSTEM32\HID.DLL
0x00007ffa52ed0000 - 0x00007ffa53340000 	C:\WINDOWS\System32\SETUPAPI.DLL
0x00007ffa513c0000 - 0x00007ffa513e6000 	C:\WINDOWS\System32\bcrypt.dll
0x00007ffa506c0000 - 0x00007ffa5071c000 	C:\WINDOWS\System32\WINTRUST.dll
0x00007ffa504c0000 - 0x00007ffa504d2000 	C:\WINDOWS\System32\MSASN1.dll
0x00007ffa50570000 - 0x00007ffa506b9000 	C:\WINDOWS\System32\CRYPT32.dll
0x00007ffa34810000 - 0x00007ffa34966000 	C:\WINDOWS\SYSTEM32\opengl32.dll
0x00007ffa44eb0000 - 0x00007ffa44edc000 	C:\WINDOWS\SYSTEM32\GLU32.dll
0x00007ffa4f120000 - 0x00007ffa4f140000 	C:\WINDOWS\SYSTEM32\dxcore.dll
0x00007ffa18580000 - 0x00007ffa1942b000 	C:\WINDOWS\System32\DriverStore\FileRepository\64ih6472.inf_amd64_2c20e13974d0e344\ig9icd64.dll
0x00007ffa4f1b0000 - 0x00007ffa4f29b000 	C:\WINDOWS\system32\dxgi.dll
0x00007ffa34400000 - 0x00007ffa344e3000 	C:\WINDOWS\System32\DriverStore\FileRepository\64ih6472.inf_amd64_2c20e13974d0e344\igdgmm64.dll
0x00007ffa40e50000 - 0x00007ffa42dcc000 	C:\WINDOWS\System32\DriverStore\FileRepository\64ih6472.inf_amd64_2c20e13974d0e344\igc64.dll
0x00007ffa3bed0000 - 0x00007ffa3bf6e000 	C:\WINDOWS\System32\TextInputFramework.dll
0x00007ffa2ac50000 - 0x00007ffa2acb5000 	C:\WINDOWS\system32\Oleacc.dll
0x00007ffa343a0000 - 0x00007ffa343f8000 	C:\Users\jonat\AppData\Local\Temp\lwjgljonat\3.2.2-build-10\lwjgl_opengl.dll
0x00007ffa33eb0000 - 0x00007ffa34101000 	C:\Users\jonat\AppData\Local\Temp\lwjgljonat\3.2.2-build-10\jemalloc.dll
0x00007ffa33d90000 - 0x00007ffa33ea4000 	C:\Users\jonat\AppData\Local\Temp\lwjgljonat\3.2.2-build-10\OpenAL.dll
0x00007ffa51690000 - 0x00007ffa517e6000 	C:\WINDOWS\System32\ole32.dll
0x00007ffa533b0000 - 0x00007ffa53452000 	C:\WINDOWS\System32\clbcatq.dll
0x00007ffa40250000 - 0x00007ffa402c2000 	C:\WINDOWS\System32\MMDevApi.dll
0x00007ffa3e630000 - 0x00007ffa3e78d000 	C:\WINDOWS\SYSTEM32\AUDIOSES.DLL
0x00007ffa31190000 - 0x00007ffa3132f000 	C:\Program Files\Java\jdk-12.0.2\bin\awt.dll
0x00007ffa499d0000 - 0x00007ffa49f90000 	C:\WINDOWS\SYSTEM32\d2d1.dll
0x00007ffa4ade0000 - 0x00007ffa4ae6f000 	C:\WINDOWS\SYSTEM32\apphelp.dll
0x00007ffa34320000 - 0x00007ffa3439f000 	C:\Users\jonat\AppData\Local\Temp\lwjgljonat\3.2.2-build-10\lwjgl_stb.dll

dbghelp: loaded successfully - version: 4.0.5 - missing functions: none
symbol engine: initialized successfully - sym options: 0x614 - pdb path: .;C:\Program Files\Java\jdk-12.0.2\bin;C:\WINDOWS\SYSTEM32;C:\WINDOWS\WinSxS\amd64_microsoft.windows.common-controls_6595b64144ccf1df_6.0.18362.418_none_e6c6b287130d565d;C:\Program Files\Java\jdk-12.0.2\bin\server;C:\Users\jonat\AppData\Local\Temp\lwjgljonat\3.2.2-build-10;C:\WINDOWS\System32\DriverStore\FileRepository\64ih6472.inf_amd64_2c20e13974d0e344

VM Arguments:
jvm_args: -Dfile.encoding=Cp1252 
java_command: skeleton.SkeletonDemoGame
java_class_path (initial): C:\Users\jonat\Documents\GitHub\Skeleton\skeleton\bin;C:\Users\jonat\Documents\GitHub\game_package\bin;C:\Users\jonat\Documents\GitHub\LWJGL\lwjgl.jar;C:\Users\jonat\Documents\GitHub\LWJGL\lwjgl-assimp.jar;C:\Users\jonat\Documents\GitHub\LWJGL\lwjgl-assimp-javadoc.jar;C:\Users\jonat\Documents\GitHub\LWJGL\lwjgl-assimp-natives-windows.jar;C:\Users\jonat\Documents\GitHub\LWJGL\lwjgl-assimp-sources.jar;C:\Users\jonat\Documents\GitHub\LWJGL\lwjgl-bgfx.jar;C:\Users\jonat\Documents\GitHub\LWJGL\lwjgl-bgfx-javadoc.jar;C:\Users\jonat\Documents\GitHub\LWJGL\lwjgl-bgfx-natives-windows.jar;C:\Users\jonat\Documents\GitHub\LWJGL\lwjgl-bgfx-sources.jar;C:\Users\jonat\Documents\GitHub\LWJGL\lwjgl-cuda.jar;C:\Users\jonat\Documents\GitHub\LWJGL\lwjgl-cuda-javadoc.jar;C:\Users\jonat\Documents\GitHub\LWJGL\lwjgl-cuda-sources.jar;C:\Users\jonat\Documents\GitHub\LWJGL\lwjgl-egl.jar;C:\Users\jonat\Documents\GitHub\LWJGL\lwjgl-egl-javadoc.jar;C:\Users\jonat\Documents\GitHub\LWJGL\lwjgl-egl-sources.jar;C:\Users\jonat\Documents\GitHub\LWJGL\lwjgl-glfw.jar;C:\Users\jonat\Documents\GitHub\LWJGL\lwjgl-glfw-javadoc.jar;C:\Users\jonat\Documents\GitHub\LWJGL\lwjgl-glfw-natives-windows.jar;C:\Users\jonat\Documents\GitHub\LWJGL\lwjgl-glfw-sources.jar;C:\Users\jonat\Documents\GitHub\LWJGL\lwjgl-javadoc.jar;C:\Users\jonat\Documents\GitHub\LWJGL\lwjgl-jawt.jar;C:\Users\jonat\Documents\GitHub\LWJGL\lwjgl-jawt-javadoc.jar;C:\Users\jonat\Documents\GitHub\LWJGL\lwjgl-jawt-sources.jar;C:\Users\jonat\Documents\GitHub\LWJGL\lwjgl-jemalloc.jar;C:\Users\jonat\Documents\GitHub\LWJGL\lwjgl-jemalloc-javadoc.jar;C:\Users\jonat\Documents\GitHub\LWJGL\lwjgl-jemalloc-natives-windows.jar;C:\Users\jonat\Documents\GitHub\LWJGL\lwjgl-jemalloc-sources.jar;C:\Users\jonat\Documents\GitHub\LWJGL\lwjgl-libdivide.jar;C:\Users\jonat\Documents\GitHub\LWJGL\lwjgl-libdivide-javadoc.jar;C:\Users\jonat\Documents\GitHub\LWJGL\lwjgl-libdivide-natives-windows.jar;C:\Users\jonat\Documents\GitHub\LWJGL\lwjgl-
Launcher Type: SUN_STANDARD

[Global flags]
     intx CICompilerCount                          = 3                                         {product} {ergonomic}
     uint ConcGCThreads                            = 1                                         {product} {ergonomic}
     uint G1ConcRefinementThreads                  = 4                                         {product} {ergonomic}
   size_t G1HeapRegionSize                         = 1048576                                   {product} {ergonomic}
    uintx GCDrainStackTargetSize                   = 64                                        {product} {ergonomic}
   size_t InitialHeapSize                          = 134217728                                 {product} {ergonomic}
   size_t MarkStackSize                            = 4194304                                   {product} {ergonomic}
   size_t MaxHeapSize                              = 2128609280                                {product} {ergonomic}
   size_t MaxNewSize                               = 1277165568                                {product} {ergonomic}
   size_t MinHeapDeltaBytes                        = 1048576                                   {product} {ergonomic}
    uintx NonNMethodCodeHeapSize                   = 5830732                                {pd product} {ergonomic}
    uintx NonProfiledCodeHeapSize                  = 122913754                              {pd product} {ergonomic}
    uintx ProfiledCodeHeapSize                     = 122913754                              {pd product} {ergonomic}
    uintx ReservedCodeCacheSize                    = 251658240                              {pd product} {ergonomic}
     bool SegmentedCodeCache                       = true                                      {product} {ergonomic}
     bool UseCompressedClassPointers               = true                                 {lp64_product} {ergonomic}
     bool UseCompressedOops                        = true                                 {lp64_product} {ergonomic}
     bool UseG1GC                                  = true                                      {product} {ergonomic}
     bool UseLargePagesIndividualAllocation        = false                                  {pd product} {ergonomic}

Logging:
Log output configuration:
 #0: stdout all=warning uptime,level,tags
 #1: stderr all=off uptime,level,tags

Environment Variables:
PATH=C:/Program Files/Java/jdk-12.0.2/bin/server;C:/Program Files/Java/jdk-12.0.2/bin;C:\WINDOWS\system32;C:\WINDOWS;C:\WINDOWS\System32\Wbem;C:\WINDOWS\System32\WindowsPowerShell\v1.0\;C:\WINDOWS\System32\OpenSSH\;C:\Program Files\Git\cmd;%PATH;C:\Python34\Scripts;C:\Users\jonat\AppData\Local\GitHubDesktop\bin;C:\WINDOWS\system32;
USERNAME=jonat
OS=Windows_NT
PROCESSOR_IDENTIFIER=Intel64 Family 6 Model 142 Stepping 9, GenuineIntel



---------------  S Y S T E M  ---------------

OS: Windows 10 , 64 bit Build 18362 (10.0.18362.329)

CPU:total 4 (initial active 4) (2 cores per cpu, 2 threads per core) family 6 model 142 stepping 9, cmov, cx8, fxsr, mmx, sse, sse2, sse3, ssse3, sse4.1, sse4.2, popcnt, avx, avx2, aes, clmul, erms, rtm, 3dnowpref, lzcnt, ht, tsc, tscinvbit, bmi1, bmi2, adx, fma

Memory: 4k page, system-wide physical 8117M (368M free)
TotalPageFile size 32693M (AvailPageFile size 0M)
current process WorkingSet (physical memory assigned to process): 3337M, peak: 3796M
current process commit charge ("private bytes"): 20502M, peak: 20503M

vm_info: Java HotSpot(TM) 64-Bit Server VM (12.0.2+10) for windows-amd64 JRE (12.0.2+10), built on Jul 16 2019 01:56:17 by "mach5one" with MS VC++ 15.5 (VS2017)

END.
